<?xml version="1.0" encoding="UTF-8"?>
<testng-results skipped="0" failed="0" ignored="0" total="1" passed="1">
  <reporter-output>
  </reporter-output>
  <suite name="Default suite" duration-ms="5287" started-at="2018-02-19T21:17:30Z" finished-at="2018-02-19T21:17:36Z">
    <groups>
    </groups>
    <test name="Default test" duration-ms="5287" started-at="2018-02-19T21:17:30Z" finished-at="2018-02-19T21:17:36Z">
      <class name="testCases.TC001">
        <test-method status="PASS" signature="tC1()[pri:0, instance:testCases.TC001@46d56d67]" name="tC1" duration-ms="5272" started-at="2018-02-19T13:17:30Z" finished-at="2018-02-19T13:17:36Z">
          <reporter-output>
          </reporter-output>
        </test-method> <!-- tC1 -->
      </class> <!-- testCases.TC001 -->
    </test> <!-- Default test -->
  </suite> <!-- Default suite -->
</testng-results>
